2022-09-09 06:15:20,090 | Kiwoom_A.py | 67 | DEBUG -> connected
2022-09-09 06:15:22,165 | Kiwoom_A.py | 111 | DEBUG -> 8026928411,8026928411;
2022-09-09 06:15:24,814 | Kiwoom_A.py | 373 | DEBUG -> [Kiwoom] _on_receive_msg is called  /  /  /  조회가 완료되었습니다.
2022-09-09 06:15:24,860 | Kiwoom_A.py | 373 | DEBUG -> [Kiwoom] _on_receive_msg is called 0002 / opw00018_req / opw00018 / [100000] 모의투자 조회완료
2022-09-09 06:15:24,904 | Kiwoom_A.py | 373 | DEBUG -> [Kiwoom] _on_receive_msg is called 0002 / opw00001_req / opw00001 / [100000] 모의투자 조회완료
2022-09-09 06:15:24,906 | Kiwoom_A.py | 262 | DEBUG -> 실제예수금 : 778924
2022-09-09 06:15:29,344 | realData_th.py | 81 | DEBUG -> 2022-09-09 06:15:29.078792 realData_th 실행중입니다.
 처리시간 : 0.0
2022-09-09 06:15:41,185 | analysis_th.py | 144 | DEBUG -> $$분석시간$$ : 12.188901662826538$$ 1차 분석완료$$..!!
2022-09-09 06:15:41,492 | analysis_th.py | 151 | DEBUG -> 2022-09-09 06:15:41.186910 analysis_th 실행중입니다.
 처리시간 : 12.188901662826538
2022-09-09 06:15:53,964 | analysis_th.py | 144 | DEBUG -> $$분석시간$$ : 12.471818923950195$$ 2차 분석완료$$..!!
2022-09-09 06:16:06,025 | analysis_th.py | 144 | DEBUG -> $$분석시간$$ : 12.061198711395264$$ 3차 분석완료$$..!!
2022-09-09 06:16:17,437 | analysis_th.py | 144 | DEBUG -> $$분석시간$$ : 11.412179708480835$$ 4차 분석완료$$..!!
2022-09-09 06:16:29,293 | realData_th.py | 81 | DEBUG -> 2022-09-09 06:16:29.079331 realData_th 실행중입니다.
 처리시간 : 0.000997781753540039
2022-09-09 06:16:29,522 | analysis_th.py | 144 | DEBUG -> $$분석시간$$ : 12.08406662940979$$ 5차 분석완료$$..!!
2022-09-09 06:16:41,439 | analysis_th.py | 144 | DEBUG -> $$분석시간$$ : 11.916363716125488$$ 6차 분석완료$$..!!
2022-09-09 06:16:41,727 | analysis_th.py | 151 | DEBUG -> 2022-09-09 06:16:41.439240 analysis_th 실행중입니다.
 처리시간 : 11.916363716125488
2022-09-09 06:16:53,452 | analysis_th.py | 144 | DEBUG -> $$분석시간$$ : 11.7249596118927$$ 7차 분석완료$$..!!
2022-09-09 06:17:05,888 | analysis_th.py | 144 | DEBUG -> $$분석시간$$ : 12.434634447097778$$ 8차 분석완료$$..!!
2022-09-09 06:17:17,709 | analysis_th.py | 144 | DEBUG -> $$분석시간$$ : 11.820812940597534$$ 9차 분석완료$$..!!
2022-09-09 06:17:29,635 | realData_th.py | 81 | DEBUG -> 2022-09-09 06:17:29.079846 realData_th 실행중입니다.
 처리시간 : 0.000997781753540039
2022-09-09 06:17:30,177 | analysis_th.py | 144 | DEBUG -> $$분석시간$$ : 12.46692705154419$$ 10차 분석완료$$..!!
2022-09-09 06:17:42,211 | analysis_th.py | 144 | DEBUG -> $$분석시간$$ : 12.034231185913086$$ 11차 분석완료$$..!!
2022-09-09 06:17:42,462 | analysis_th.py | 151 | DEBUG -> 2022-09-09 06:17:42.211347 analysis_th 실행중입니다.
 처리시간 : 12.034231185913086
2022-09-09 06:17:54,576 | analysis_th.py | 144 | DEBUG -> $$분석시간$$ : 12.113505125045776$$ 12차 분석완료$$..!!
2022-09-09 06:18:06,897 | analysis_th.py | 144 | DEBUG -> $$분석시간$$ : 12.32131838798523$$ 13차 분석완료$$..!!
2022-09-09 06:18:18,862 | analysis_th.py | 144 | DEBUG -> $$분석시간$$ : 11.963519096374512$$ 14차 분석완료$$..!!
2022-09-09 06:18:29,317 | realData_th.py | 81 | DEBUG -> 2022-09-09 06:18:29.079976 realData_th 실행중입니다.
 처리시간 : 0.0009949207305908203
2022-09-09 06:18:31,497 | analysis_th.py | 144 | DEBUG -> $$분석시간$$ : 12.63555359840393$$ 15차 분석완료$$..!!
2022-09-09 06:18:44,619 | analysis_th.py | 144 | DEBUG -> $$분석시간$$ : 13.120737552642822$$ 16차 분석완료$$..!!
2022-09-09 06:18:44,899 | analysis_th.py | 151 | DEBUG -> 2022-09-09 06:18:44.619301 analysis_th 실행중입니다.
 처리시간 : 13.120737552642822
2022-09-09 06:18:56,773 | analysis_th.py | 144 | DEBUG -> $$분석시간$$ : 11.874121189117432$$ 17차 분석완료$$..!!
2022-09-09 06:19:11,934 | analysis_th.py | 144 | DEBUG -> $$분석시간$$ : 15.160266876220703$$ 18차 분석완료$$..!!
2022-09-09 06:19:25,671 | analysis_th.py | 144 | DEBUG -> $$분석시간$$ : 13.736117601394653$$ 19차 분석완료$$..!!
2022-09-09 06:19:29,341 | realData_th.py | 81 | DEBUG -> 2022-09-09 06:19:29.080256 realData_th 실행중입니다.
 처리시간 : 0.0009970664978027344
2022-09-09 06:19:38,235 | analysis_th.py | 144 | DEBUG -> $$분석시간$$ : 12.563277006149292$$ 20차 분석완료$$..!!
2022-09-09 06:19:52,348 | analysis_th.py | 144 | DEBUG -> $$분석시간$$ : 14.11298394203186$$ 21차 분석완료$$..!!
2022-09-09 06:19:52,705 | analysis_th.py | 151 | DEBUG -> 2022-09-09 06:19:52.348257 analysis_th 실행중입니다.
 처리시간 : 14.11298394203186
2022-09-09 06:20:08,179 | analysis_th.py | 144 | DEBUG -> $$분석시간$$ : 15.474247217178345$$ 22차 분석완료$$..!!
2022-09-09 06:20:22,128 | analysis_th.py | 144 | DEBUG -> $$분석시간$$ : 13.949058294296265$$ 23차 분석완료$$..!!
2022-09-09 06:20:29,395 | realData_th.py | 81 | DEBUG -> 2022-09-09 06:20:29.083482 realData_th 실행중입니다.
 처리시간 : 0.0049860477447509766
2022-09-09 06:20:36,754 | analysis_th.py | 144 | DEBUG -> $$분석시간$$ : 14.62492847442627$$ 24차 분석완료$$..!!
2022-09-09 06:20:50,743 | analysis_th.py | 144 | DEBUG -> $$분석시간$$ : 13.988768100738525$$ 25차 분석완료$$..!!
2022-09-09 06:21:03,744 | analysis_th.py | 144 | DEBUG -> $$분석시간$$ : 13.000335693359375$$ 26차 분석완료$$..!!
2022-09-09 06:21:03,980 | analysis_th.py | 151 | DEBUG -> 2022-09-09 06:21:03.744634 analysis_th 실행중입니다.
 처리시간 : 13.000335693359375
2022-09-09 06:21:17,336 | analysis_th.py | 144 | DEBUG -> $$분석시간$$ : 13.356364011764526$$ 27차 분석완료$$..!!
2022-09-09 06:21:29,310 | realData_th.py | 81 | DEBUG -> 2022-09-09 06:21:29.083885 realData_th 실행중입니다.
 처리시간 : 0.0009975433349609375
2022-09-09 06:21:47,509 | Kiwoom_A.py | 67 | DEBUG -> connected
2022-09-09 06:21:49,650 | Kiwoom_A.py | 111 | DEBUG -> 8026928411,8026928411;
2022-09-09 06:21:52,278 | Kiwoom_A.py | 371 | DEBUG -> [Kiwoom] _on_receive_msg is called  /  /  /  조회가 완료되었습니다.
2022-09-09 06:21:52,338 | Kiwoom_A.py | 371 | DEBUG -> [Kiwoom] _on_receive_msg is called 0002 / opw00018_req / opw00018 / [100000] 모의투자 조회완료
2022-09-09 06:21:52,397 | Kiwoom_A.py | 371 | DEBUG -> [Kiwoom] _on_receive_msg is called 0002 / opw00001_req / opw00001 / [100000] 모의투자 조회완료
2022-09-09 06:21:52,399 | Kiwoom_A.py | 261 | DEBUG -> 실제예수금 : 778924
2022-09-09 06:21:56,691 | realData_th.py | 81 | DEBUG -> 2022-09-09 06:21:56.413392 realData_th 실행중입니다.
 처리시간 : 0.0
2022-09-09 06:22:09,663 | analysis_th.py | 144 | DEBUG -> $$분석시간$$ : 13.275198936462402$$ 1차 분석완료$$..!!
2022-09-09 06:22:09,974 | analysis_th.py | 151 | DEBUG -> 2022-09-09 06:22:09.663658 analysis_th 실행중입니다.
 처리시간 : 13.275198936462402
2022-09-09 06:22:22,452 | analysis_th.py | 144 | DEBUG -> $$분석시간$$ : 12.477528810501099$$ 2차 분석완료$$..!!
2022-09-09 06:22:35,064 | analysis_th.py | 144 | DEBUG -> $$분석시간$$ : 12.611824989318848$$ 3차 분석완료$$..!!
2022-09-09 06:22:46,963 | analysis_th.py | 144 | DEBUG -> $$분석시간$$ : 11.898930072784424$$ 4차 분석완료$$..!!
2022-09-09 06:22:56,702 | realData_th.py | 81 | DEBUG -> 2022-09-09 06:22:56.413854 realData_th 실행중입니다.
 처리시간 : 0.0009975433349609375
2022-09-09 06:22:59,173 | analysis_th.py | 144 | DEBUG -> $$분석시간$$ : 12.210216283798218$$ 5차 분석완료$$..!!
2022-09-09 06:23:11,761 | analysis_th.py | 144 | DEBUG -> $$분석시간$$ : 12.588254690170288$$ 6차 분석완료$$..!!
2022-09-09 06:23:12,031 | analysis_th.py | 151 | DEBUG -> 2022-09-09 06:23:11.762576 analysis_th 실행중입니다.
 처리시간 : 12.588254690170288
2022-09-09 06:23:24,324 | analysis_th.py | 144 | DEBUG -> $$분석시간$$ : 12.291838645935059$$ 7차 분석완료$$..!!
2022-09-09 06:23:36,335 | analysis_th.py | 144 | DEBUG -> $$분석시간$$ : 12.009931564331055$$ 8차 분석완료$$..!!
2022-09-09 06:23:48,633 | analysis_th.py | 144 | DEBUG -> $$분석시간$$ : 12.298099279403687$$ 9차 분석완료$$..!!
2022-09-09 06:23:56,713 | realData_th.py | 81 | DEBUG -> 2022-09-09 06:23:56.414612 realData_th 실행중입니다.
 처리시간 : 0.0009987354278564453
2022-09-09 06:24:01,942 | analysis_th.py | 144 | DEBUG -> $$분석시간$$ : 13.308170080184937$$ 10차 분석완료$$..!!
2022-09-09 06:24:14,806 | analysis_th.py | 144 | DEBUG -> $$분석시간$$ : 12.863268613815308$$ 11차 분석완료$$..!!
2022-09-09 06:24:15,087 | analysis_th.py | 151 | DEBUG -> 2022-09-09 06:24:14.807923 analysis_th 실행중입니다.
 처리시간 : 12.863268613815308
2022-09-09 06:24:27,321 | analysis_th.py | 144 | DEBUG -> $$분석시간$$ : 12.233685731887817$$ 12차 분석완료$$..!!
2022-09-09 06:24:39,382 | analysis_th.py | 144 | DEBUG -> $$분석시간$$ : 12.060399293899536$$ 13차 분석완료$$..!!
2022-09-09 06:24:51,803 | analysis_th.py | 144 | DEBUG -> $$분석시간$$ : 12.420388460159302$$ 14차 분석완료$$..!!
2022-09-09 06:37:29,143 | Kiwoom_A.py | 67 | DEBUG -> connected
2022-09-09 06:37:31,053 | Kiwoom_A.py | 111 | DEBUG -> 8026928411,8026928411;
2022-09-09 06:37:33,749 | Kiwoom_A.py | 371 | DEBUG -> [Kiwoom] _on_receive_msg is called  /  /  /  조회가 완료되었습니다.
2022-09-09 06:37:33,794 | Kiwoom_A.py | 371 | DEBUG -> [Kiwoom] _on_receive_msg is called 0002 / opw00018_req / opw00018 / [100000] 모의투자 조회완료
2022-09-09 06:37:33,839 | Kiwoom_A.py | 371 | DEBUG -> [Kiwoom] _on_receive_msg is called 0002 / opw00001_req / opw00001 / [100000] 모의투자 조회완료
2022-09-09 06:37:33,841 | Kiwoom_A.py | 261 | DEBUG -> 실제예수금 : 778924
2022-09-09 06:37:38,337 | realData_th.py | 81 | DEBUG -> 2022-09-09 06:37:38.084855 realData_th 실행중입니다.
 처리시간 : 0.0
2022-09-09 06:37:50,375 | analysis_th.py | 144 | DEBUG -> $$분석시간$$ : 12.47511100769043$$ 1차 분석완료$$..!!
2022-09-09 06:37:50,702 | analysis_th.py | 151 | DEBUG -> 2022-09-09 06:37:50.375459 analysis_th 실행중입니다.
 처리시간 : 12.47511100769043
2022-09-09 06:38:04,960 | analysis_th.py | 144 | DEBUG -> $$분석시간$$ : 14.258289337158203$$ 2차 분석완료$$..!!
2022-09-09 06:38:17,270 | analysis_th.py | 144 | DEBUG -> $$분석시간$$ : 12.309825658798218$$ 3차 분석완료$$..!!
2022-09-09 06:38:30,716 | analysis_th.py | 144 | DEBUG -> $$분석시간$$ : 13.444718360900879$$ 4차 분석완료$$..!!
2022-09-09 06:38:38,317 | realData_th.py | 81 | DEBUG -> 2022-09-09 06:38:38.085604 realData_th 실행중입니다.
 처리시간 : 0.000997304916381836
2022-09-09 06:38:44,135 | analysis_th.py | 144 | DEBUG -> $$분석시간$$ : 13.41951584815979$$ 5차 분석완료$$..!!
2022-09-09 06:38:57,733 | analysis_th.py | 144 | DEBUG -> $$분석시간$$ : 13.597776651382446$$ 6차 분석완료$$..!!
2022-09-09 06:38:57,966 | analysis_th.py | 151 | DEBUG -> 2022-09-09 06:38:57.734703 analysis_th 실행중입니다.
 처리시간 : 13.597776651382446
2022-09-09 06:39:18,554 | analysis_th.py | 144 | DEBUG -> $$분석시간$$ : 20.587944984436035$$ 7차 분석완료$$..!!
2022-09-09 06:39:33,941 | analysis_th.py | 144 | DEBUG -> $$분석시간$$ : 15.386074304580688$$ 8차 분석완료$$..!!
2022-09-09 06:39:38,309 | realData_th.py | 81 | DEBUG -> 2022-09-09 06:39:38.086008 realData_th 실행중입니다.
 처리시간 : 0.0009968280792236328
2022-09-09 06:39:46,692 | analysis_th.py | 144 | DEBUG -> $$분석시간$$ : 12.749885082244873$$ 9차 분석완료$$..!!
2022-09-09 06:39:59,928 | analysis_th.py | 144 | DEBUG -> $$분석시간$$ : 13.235265970230103$$ 10차 분석완료$$..!!
2022-09-09 06:40:00,148 | analysis_th.py | 151 | DEBUG -> 2022-09-09 06:39:59.928245 analysis_th 실행중입니다.
 처리시간 : 13.235265970230103
2022-09-09 06:40:12,848 | analysis_th.py | 144 | DEBUG -> $$분석시간$$ : 12.699380874633789$$ 11차 분석완료$$..!!
2022-09-09 06:40:26,359 | analysis_th.py | 144 | DEBUG -> $$분석시간$$ : 13.51194429397583$$ 12차 분석완료$$..!!
2022-09-09 06:40:38,345 | realData_th.py | 81 | DEBUG -> 2022-09-09 06:40:38.086764 realData_th 실행중입니다.
 처리시간 : 0.0019941329956054688
2022-09-09 06:40:40,443 | analysis_th.py | 144 | DEBUG -> $$분석시간$$ : 14.081997394561768$$ 13차 분석완료$$..!!
2022-09-09 06:40:54,481 | analysis_th.py | 144 | DEBUG -> $$분석시간$$ : 14.037302017211914$$ 14차 분석완료$$..!!
2022-09-09 06:41:07,738 | analysis_th.py | 144 | DEBUG -> $$분석시간$$ : 13.25752878189087$$ 15차 분석완료$$..!!
2022-09-09 06:41:08,017 | analysis_th.py | 151 | DEBUG -> 2022-09-09 06:41:07.738803 analysis_th 실행중입니다.
 처리시간 : 13.25752878189087
2022-09-09 06:41:21,124 | analysis_th.py | 144 | DEBUG -> $$분석시간$$ : 13.106931686401367$$ 16차 분석완료$$..!!
2022-09-09 06:41:37,903 | analysis_th.py | 144 | DEBUG -> $$분석시간$$ : 16.777862548828125$$ 17차 분석완료$$..!!
2022-09-09 06:41:38,300 | realData_th.py | 81 | DEBUG -> 2022-09-09 06:41:38.087355 realData_th 실행중입니다.
 처리시간 : 0.000997781753540039
2022-09-09 06:41:50,913 | analysis_th.py | 144 | DEBUG -> $$분석시간$$ : 13.009304761886597$$ 18차 분석완료$$..!!
2022-09-09 06:42:03,811 | analysis_th.py | 144 | DEBUG -> $$분석시간$$ : 12.898001432418823$$ 19차 분석완료$$..!!
2022-09-09 06:42:16,372 | analysis_th.py | 144 | DEBUG -> $$분석시간$$ : 12.560406684875488$$ 20차 분석완료$$..!!
2022-09-09 06:42:16,665 | analysis_th.py | 151 | DEBUG -> 2022-09-09 06:42:16.373554 analysis_th 실행중입니다.
 처리시간 : 12.560406684875488
2022-09-09 06:46:30,645 | Kiwoom_A.py | 67 | DEBUG -> connected
2022-09-09 06:46:32,573 | Kiwoom_A.py | 111 | DEBUG -> 8026928411,8026928411;
2022-09-09 06:46:35,301 | Kiwoom_A.py | 371 | DEBUG -> [Kiwoom] _on_receive_msg is called  /  /  /  조회가 완료되었습니다.
2022-09-09 06:46:35,376 | Kiwoom_A.py | 371 | DEBUG -> [Kiwoom] _on_receive_msg is called 0002 / opw00018_req / opw00018 / [100000] 모의투자 조회완료
2022-09-09 06:46:35,421 | Kiwoom_A.py | 371 | DEBUG -> [Kiwoom] _on_receive_msg is called 0002 / opw00001_req / opw00001 / [100000] 모의투자 조회완료
2022-09-09 06:46:35,423 | Kiwoom_A.py | 261 | DEBUG -> 실제예수금 : 778924
2022-09-09 06:46:39,592 | realData_th.py | 82 | DEBUG -> 2022-09-09 06:46:39.322845 realData_th 실행중입니다.
 처리시간 : 0.0
2022-09-09 06:46:51,668 | analysis_th.py | 145 | DEBUG -> $$분석시간$$ : 12.329705238342285$$ 1차 분석완료$$..!!
2022-09-09 06:46:51,971 | analysis_th.py | 152 | DEBUG -> 2022-09-09 06:46:51.668507 analysis_th 실행중입니다.
 처리시간 : 12.329705238342285
2022-09-09 06:47:04,523 | analysis_th.py | 145 | DEBUG -> $$분석시간$$ : 12.552254438400269$$ 2차 분석완료$$..!!
2022-09-09 06:47:17,433 | analysis_th.py | 145 | DEBUG -> $$분석시간$$ : 12.908783197402954$$ 3차 분석완료$$..!!
2022-09-09 06:47:29,706 | analysis_th.py | 145 | DEBUG -> $$분석시간$$ : 12.271971225738525$$ 4차 분석완료$$..!!
2022-09-09 08:14:11,766 | Kiwoom_A.py | 67 | DEBUG -> connected
2022-09-09 08:14:14,112 | Kiwoom_A.py | 111 | DEBUG -> 8026928411,8026928411;
2022-09-09 08:14:33,824 | realData_th.py | 81 | DEBUG -> 2022-09-09 08:14:33.566007 realData_th 실행중입니다.
 처리시간 : 0.0
2022-09-09 08:14:48,088 | analysis_th.py | 142 | DEBUG -> $$분석시간$$ : 14.538614273071289$$ 1차 분석완료$$..!!
2022-09-09 08:14:48,430 | analysis_th.py | 149 | DEBUG -> 2022-09-09 08:14:48.089660 analysis_th 실행중입니다.
 처리시간 : 14.538614273071289
2022-09-09 08:15:01,712 | analysis_th.py | 142 | DEBUG -> $$분석시간$$ : 13.281760931015015$$ 2차 분석완료$$..!!
2022-09-09 08:15:16,085 | analysis_th.py | 142 | DEBUG -> $$분석시간$$ : 14.37326169013977$$ 3차 분석완료$$..!!
2022-09-09 08:15:30,034 | analysis_th.py | 142 | DEBUG -> $$분석시간$$ : 13.947444438934326$$ 4차 분석완료$$..!!
2022-09-09 08:15:33,801 | realData_th.py | 81 | DEBUG -> 2022-09-09 08:15:33.566659 realData_th 실행중입니다.
 처리시간 : 0.0
2022-09-09 08:15:43,480 | analysis_th.py | 142 | DEBUG -> $$분석시간$$ : 13.44617509841919$$ 5차 분석완료$$..!!
2022-09-09 08:15:58,709 | analysis_th.py | 142 | DEBUG -> $$분석시간$$ : 15.22950267791748$$ 6차 분석완료$$..!!
2022-09-09 08:15:59,011 | analysis_th.py | 149 | DEBUG -> 2022-09-09 08:15:58.710888 analysis_th 실행중입니다.
 처리시간 : 15.22950267791748
2022-09-09 08:16:12,639 | analysis_th.py | 142 | DEBUG -> $$분석시간$$ : 13.628479719161987$$ 7차 분석완료$$..!!
2022-09-09 08:17:23,487 | Kiwoom_A.py | 67 | DEBUG -> connected
2022-09-09 08:17:25,285 | Kiwoom_A.py | 111 | DEBUG -> 8026928411,8026928411;
2022-09-09 08:17:44,913 | realData_th.py | 81 | DEBUG -> 2022-09-09 08:17:44.566507 realData_th 실행중입니다.
 처리시간 : 0.0
2022-09-09 08:18:05,899 | Kiwoom_A.py | 67 | DEBUG -> connected
2022-09-09 08:18:07,542 | Kiwoom_A.py | 111 | DEBUG -> 8026928411,8026928411;
2022-09-09 08:23:08,093 | Kiwoom_A.py | 67 | DEBUG -> connected
2022-09-09 08:23:09,843 | Kiwoom_A.py | 111 | DEBUG -> 8026928411,8026928411;
2022-09-09 08:23:16,382 | Kiwoom_A.py | 371 | DEBUG -> [Kiwoom] _on_receive_msg is called  /  /  /  조회가 완료되었습니다.
2022-09-09 08:23:16,427 | Kiwoom_A.py | 371 | DEBUG -> [Kiwoom] _on_receive_msg is called 0002 / opw00018_req / opw00018 / [100000] 모의투자 조회완료
2022-09-09 08:23:16,472 | Kiwoom_A.py | 371 | DEBUG -> [Kiwoom] _on_receive_msg is called 0002 / opw00001_req / opw00001 / [100000] 모의투자 조회완료
2022-09-09 08:23:16,474 | Kiwoom_A.py | 261 | DEBUG -> 실제예수금 : 778924
2022-09-09 08:23:25,659 | realData_th.py | 81 | DEBUG -> 2022-09-09 08:23:25.424794 realData_th 실행중입니다.
 처리시간 : 0.0
2022-09-09 08:23:37,348 | analysis_th.py | 142 | DEBUG -> $$분석시간$$ : 11.929672002792358$$ 1차 분석완료$$..!!
2022-09-09 08:23:37,639 | analysis_th.py | 149 | DEBUG -> 2022-09-09 08:23:37.348482 analysis_th 실행중입니다.
 처리시간 : 11.929672002792358
2022-09-09 08:23:50,170 | analysis_th.py | 142 | DEBUG -> $$분석시간$$ : 12.53032398223877$$ 2차 분석완료$$..!!
2022-09-09 08:24:02,963 | analysis_th.py | 142 | DEBUG -> $$분석시간$$ : 12.792164087295532$$ 3차 분석완료$$..!!
2022-09-09 08:24:15,551 | analysis_th.py | 142 | DEBUG -> $$분석시간$$ : 12.586989164352417$$ 4차 분석완료$$..!!
2022-09-09 08:29:12,706 | Kiwoom_A.py | 67 | DEBUG -> connected
2022-09-09 08:29:14,486 | Kiwoom_A.py | 111 | DEBUG -> 8026928411,8026928411;
2022-09-09 08:29:21,418 | Kiwoom_A.py | 371 | DEBUG -> [Kiwoom] _on_receive_msg is called  /  /  /  조회가 완료되었습니다.
2022-09-09 08:29:21,463 | Kiwoom_A.py | 371 | DEBUG -> [Kiwoom] _on_receive_msg is called 0002 / opw00018_req / opw00018 / [100000] 모의투자 조회완료
2022-09-09 08:29:21,508 | Kiwoom_A.py | 371 | DEBUG -> [Kiwoom] _on_receive_msg is called 0002 / opw00001_req / opw00001 / [100000] 모의투자 조회완료
2022-09-09 08:29:21,510 | Kiwoom_A.py | 261 | DEBUG -> 실제예수금 : 778924
2022-09-09 08:29:30,658 | realData_th.py | 81 | DEBUG -> 2022-09-09 08:29:30.387104 realData_th 실행중입니다.
 처리시간 : 0.0
2022-09-09 08:29:42,846 | analysis_th.py | 142 | DEBUG -> $$분석시간$$ : 12.45769453048706$$ 1차 분석완료$$..!!
2022-09-09 08:29:43,171 | analysis_th.py | 149 | DEBUG -> 2022-09-09 08:29:42.847791 analysis_th 실행중입니다.
 처리시간 : 12.45769453048706
2022-09-09 08:29:55,503 | analysis_th.py | 142 | DEBUG -> $$분석시간$$ : 12.330414295196533$$ 2차 분석완료$$..!!
2022-09-09 08:31:51,293 | Kiwoom_A.py | 67 | DEBUG -> connected
2022-09-09 08:31:53,187 | Kiwoom_A.py | 111 | DEBUG -> 8026928411,8026928411;
2022-09-09 08:31:59,889 | Kiwoom_A.py | 371 | DEBUG -> [Kiwoom] _on_receive_msg is called  /  /  /  조회가 완료되었습니다.
2022-09-09 08:31:59,934 | Kiwoom_A.py | 371 | DEBUG -> [Kiwoom] _on_receive_msg is called 0002 / opw00018_req / opw00018 / [100000] 모의투자 조회완료
2022-09-09 08:31:59,979 | Kiwoom_A.py | 371 | DEBUG -> [Kiwoom] _on_receive_msg is called 0002 / opw00001_req / opw00001 / [100000] 모의투자 조회완료
2022-09-09 08:31:59,981 | Kiwoom_A.py | 261 | DEBUG -> 실제예수금 : 778924
2022-09-09 08:32:09,782 | realData_th.py | 81 | DEBUG -> 2022-09-09 08:32:09.480503 realData_th 실행중입니다.
 처리시간 : 0.0
2022-09-09 08:32:21,744 | analysis_th.py | 142 | DEBUG -> $$분석시간$$ : 12.20898175239563$$ 1차 분석완료$$..!!
2022-09-09 08:32:22,065 | analysis_th.py | 149 | DEBUG -> 2022-09-09 08:32:21.744337 analysis_th 실행중입니다.
 처리시간 : 12.20898175239563
2022-09-09 08:33:47,879 | Kiwoom_A.py | 67 | DEBUG -> connected
2022-09-09 08:33:49,800 | Kiwoom_A.py | 111 | DEBUG -> 8026928411,8026928411;
2022-09-09 08:33:56,388 | Kiwoom_A.py | 371 | DEBUG -> [Kiwoom] _on_receive_msg is called  /  /  /  조회가 완료되었습니다.
2022-09-09 08:33:56,448 | Kiwoom_A.py | 371 | DEBUG -> [Kiwoom] _on_receive_msg is called 0002 / opw00018_req / opw00018 / [100000] 모의투자 조회완료
2022-09-09 08:33:56,493 | Kiwoom_A.py | 371 | DEBUG -> [Kiwoom] _on_receive_msg is called 0002 / opw00001_req / opw00001 / [100000] 모의투자 조회완료
2022-09-09 08:33:56,495 | Kiwoom_A.py | 261 | DEBUG -> 실제예수금 : 778924
2022-09-09 08:34:06,104 | realData_th.py | 81 | DEBUG -> 2022-09-09 08:34:05.855471 realData_th 실행중입니다.
 처리시간 : 0.0
2022-09-09 08:34:18,255 | analysis_th.py | 142 | DEBUG -> $$분석시간$$ : 12.380920886993408$$ 1차 분석완료$$..!!
2022-09-09 08:34:18,549 | analysis_th.py | 149 | DEBUG -> 2022-09-09 08:34:18.255341 analysis_th 실행중입니다.
 처리시간 : 12.380920886993408
2022-09-09 08:34:31,229 | analysis_th.py | 142 | DEBUG -> $$분석시간$$ : 12.679306983947754$$ 2차 분석완료$$..!!
2022-09-09 08:35:54,730 | Kiwoom_A.py | 67 | DEBUG -> connected
2022-09-09 08:35:56,581 | Kiwoom_A.py | 111 | DEBUG -> 8026928411,8026928411;
2022-09-09 08:36:04,055 | Kiwoom_A.py | 371 | DEBUG -> [Kiwoom] _on_receive_msg is called  /  /  /  조회가 완료되었습니다.
2022-09-09 08:36:04,099 | Kiwoom_A.py | 371 | DEBUG -> [Kiwoom] _on_receive_msg is called 0002 / opw00018_req / opw00018 / [100000] 모의투자 조회완료
2022-09-09 08:36:04,144 | Kiwoom_A.py | 371 | DEBUG -> [Kiwoom] _on_receive_msg is called 0002 / opw00001_req / opw00001 / [100000] 모의투자 조회완료
2022-09-09 08:36:04,146 | Kiwoom_A.py | 261 | DEBUG -> 실제예수금 : 778924
2022-09-09 08:37:36,709 | Kiwoom_A.py | 67 | DEBUG -> connected
2022-09-09 08:37:38,652 | Kiwoom_A.py | 111 | DEBUG -> 8026928411,8026928411;
2022-09-09 08:37:45,744 | Kiwoom_A.py | 371 | DEBUG -> [Kiwoom] _on_receive_msg is called  /  /  /  조회가 완료되었습니다.
2022-09-09 08:37:45,804 | Kiwoom_A.py | 371 | DEBUG -> [Kiwoom] _on_receive_msg is called 0002 / opw00018_req / opw00018 / [100000] 모의투자 조회완료
2022-09-09 08:37:45,849 | Kiwoom_A.py | 371 | DEBUG -> [Kiwoom] _on_receive_msg is called 0002 / opw00001_req / opw00001 / [100000] 모의투자 조회완료
2022-09-09 08:37:45,851 | Kiwoom_A.py | 261 | DEBUG -> 실제예수금 : 778924
2022-09-09 08:37:56,503 | realData_th.py | 83 | DEBUG -> 2022-09-09 08:37:56.264213 realData_th 실행중입니다.
 처리시간 : 0.0
2022-09-09 08:38:10,098 | analysis_th.py | 143 | DEBUG -> $$분석시간$$ : 13.77465271949768$$ 1차 분석완료$$..!!
2022-09-09 08:38:10,385 | analysis_th.py | 150 | DEBUG -> 2022-09-09 08:38:10.098706 analysis_th 실행중입니다.
 처리시간 : 13.77465271949768
2022-09-09 08:40:53,436 | Kiwoom_A.py | 67 | DEBUG -> connected
2022-09-09 08:40:55,304 | Kiwoom_A.py | 111 | DEBUG -> 8026928411,8026928411;
2022-09-09 08:41:02,084 | Kiwoom_A.py | 371 | DEBUG -> [Kiwoom] _on_receive_msg is called  /  /  /  조회가 완료되었습니다.
2022-09-09 08:41:02,129 | Kiwoom_A.py | 371 | DEBUG -> [Kiwoom] _on_receive_msg is called 0002 / opw00018_req / opw00018 / [100000] 모의투자 조회완료
2022-09-09 08:41:02,173 | Kiwoom_A.py | 371 | DEBUG -> [Kiwoom] _on_receive_msg is called 0002 / opw00001_req / opw00001 / [100000] 모의투자 조회완료
2022-09-09 08:41:02,175 | Kiwoom_A.py | 261 | DEBUG -> 실제예수금 : 778924
2022-09-09 08:41:11,061 | realData_th.py | 83 | DEBUG -> 2022-09-09 08:41:10.818812 realData_th 실행중입니다.
 처리시간 : 0.0
2022-09-09 08:41:22,670 | analysis_th.py | 146 | DEBUG -> $$분석시간$$ : 11.934654712677002$$ 1차 분석완료$$..!!
2022-09-09 08:41:22,996 | analysis_th.py | 153 | DEBUG -> 2022-09-09 08:41:22.671685 analysis_th 실행중입니다.
 처리시간 : 11.934654712677002
2022-09-09 08:42:43,099 | Kiwoom_A.py | 67 | DEBUG -> connected
2022-09-09 08:42:44,906 | Kiwoom_A.py | 111 | DEBUG -> 8026928411,8026928411;
2022-09-09 08:42:50,932 | Kiwoom_A.py | 371 | DEBUG -> [Kiwoom] _on_receive_msg is called  /  /  /  조회가 완료되었습니다.
2022-09-09 08:42:50,977 | Kiwoom_A.py | 371 | DEBUG -> [Kiwoom] _on_receive_msg is called 0002 / opw00018_req / opw00018 / [100000] 모의투자 조회완료
2022-09-09 08:42:51,022 | Kiwoom_A.py | 371 | DEBUG -> [Kiwoom] _on_receive_msg is called 0002 / opw00001_req / opw00001 / [100000] 모의투자 조회완료
2022-09-09 08:42:51,024 | Kiwoom_A.py | 261 | DEBUG -> 실제예수금 : 778924
2022-09-09 08:43:00,303 | realData_th.py | 83 | DEBUG -> 2022-09-09 08:43:00.009377 realData_th 실행중입니다.
 처리시간 : 0.0
2022-09-09 08:43:14,076 | analysis_th.py | 146 | DEBUG -> $$분석시간$$ : 13.847941160202026$$ 1차 분석완료$$..!!
2022-09-09 08:43:14,417 | analysis_th.py | 153 | DEBUG -> 2022-09-09 08:43:14.076730 analysis_th 실행중입니다.
 처리시간 : 13.847941160202026
2022-09-09 08:46:32,012 | Kiwoom_A.py | 67 | DEBUG -> connected
2022-09-09 08:46:34,194 | Kiwoom_A.py | 111 | DEBUG -> 8026928411,8026928411;
2022-09-09 08:46:42,141 | Kiwoom_A.py | 371 | DEBUG -> [Kiwoom] _on_receive_msg is called  /  /  /  조회가 완료되었습니다.
2022-09-09 08:46:42,186 | Kiwoom_A.py | 371 | DEBUG -> [Kiwoom] _on_receive_msg is called 0002 / opw00018_req / opw00018 / [100000] 모의투자 조회완료
2022-09-09 08:46:42,231 | Kiwoom_A.py | 371 | DEBUG -> [Kiwoom] _on_receive_msg is called 0002 / opw00001_req / opw00001 / [100000] 모의투자 조회완료
2022-09-09 08:46:42,233 | Kiwoom_A.py | 261 | DEBUG -> 실제예수금 : 778924
2022-09-09 08:46:52,600 | realData_th.py | 83 | DEBUG -> 2022-09-09 08:46:52.362135 realData_th 실행중입니다.
 처리시간 : 0.0
2022-09-09 08:47:08,438 | analysis_th.py | 146 | DEBUG -> $$분석시간$$ : 16.021183013916016$$ 1차 분석완료$$..!!
2022-09-09 08:47:08,743 | analysis_th.py | 153 | DEBUG -> 2022-09-09 08:47:08.439168 analysis_th 실행중입니다.
 처리시간 : 16.021183013916016
2022-09-09 08:47:43,172 | Kiwoom_A.py | 67 | DEBUG -> connected
2022-09-09 08:47:45,124 | Kiwoom_A.py | 111 | DEBUG -> 8026928411,8026928411;
2022-09-09 08:47:52,184 | Kiwoom_A.py | 371 | DEBUG -> [Kiwoom] _on_receive_msg is called  /  /  /  조회가 완료되었습니다.
2022-09-09 08:47:52,229 | Kiwoom_A.py | 371 | DEBUG -> [Kiwoom] _on_receive_msg is called 0002 / opw00018_req / opw00018 / [100000] 모의투자 조회완료
2022-09-09 08:47:52,273 | Kiwoom_A.py | 371 | DEBUG -> [Kiwoom] _on_receive_msg is called 0002 / opw00001_req / opw00001 / [100000] 모의투자 조회완료
2022-09-09 08:47:52,275 | Kiwoom_A.py | 261 | DEBUG -> 실제예수금 : 778924
2022-09-09 08:48:02,101 | realData_th.py | 83 | DEBUG -> 2022-09-09 08:48:01.797046 realData_th 실행중입니다.
 처리시간 : 0.0
2022-09-09 08:48:13,851 | analysis_th.py | 146 | DEBUG -> $$분석시간$$ : 12.023597002029419$$ 1차 분석완료$$..!!
2022-09-09 08:48:14,139 | analysis_th.py | 153 | DEBUG -> 2022-09-09 08:48:13.851562 analysis_th 실행중입니다.
 처리시간 : 12.023597002029419
2022-09-09 08:57:13,351 | Kiwoom_A.py | 67 | DEBUG -> connected
2022-09-09 08:57:15,323 | Kiwoom_A.py | 111 | DEBUG -> 8026928411,8026928411;
2022-09-09 08:57:22,324 | Kiwoom_A.py | 371 | DEBUG -> [Kiwoom] _on_receive_msg is called  /  /  /  조회가 완료되었습니다.
2022-09-09 08:57:22,369 | Kiwoom_A.py | 371 | DEBUG -> [Kiwoom] _on_receive_msg is called 0002 / opw00018_req / opw00018 / [100000] 모의투자 조회완료
2022-09-09 08:57:22,414 | Kiwoom_A.py | 371 | DEBUG -> [Kiwoom] _on_receive_msg is called 0002 / opw00001_req / opw00001 / [100000] 모의투자 조회완료
2022-09-09 08:57:22,416 | Kiwoom_A.py | 261 | DEBUG -> 실제예수금 : 778924
2022-09-09 08:57:32,468 | realData_th.py | 83 | DEBUG -> 2022-09-09 08:57:32.175382 realData_th 실행중입니다.
 처리시간 : 0.0
2022-09-09 08:57:43,894 | analysis_th.py | 146 | DEBUG -> $$분석시간$$ : 11.636385917663574$$ 1차 분석완료$$..!!
2022-09-09 08:57:44,167 | analysis_th.py | 153 | DEBUG -> 2022-09-09 08:57:43.895544 analysis_th 실행중입니다.
 처리시간 : 11.636385917663574
2022-09-09 08:58:11,068 | Kiwoom_A.py | 67 | DEBUG -> connected
2022-09-09 08:58:12,895 | Kiwoom_A.py | 111 | DEBUG -> 8026928411,8026928411;
2022-09-09 08:58:19,415 | Kiwoom_A.py | 371 | DEBUG -> [Kiwoom] _on_receive_msg is called  /  /  /  조회가 완료되었습니다.
2022-09-09 08:58:19,460 | Kiwoom_A.py | 371 | DEBUG -> [Kiwoom] _on_receive_msg is called 0002 / opw00018_req / opw00018 / [100000] 모의투자 조회완료
2022-09-09 08:58:19,505 | Kiwoom_A.py | 371 | DEBUG -> [Kiwoom] _on_receive_msg is called 0002 / opw00001_req / opw00001 / [100000] 모의투자 조회완료
2022-09-09 08:58:19,507 | Kiwoom_A.py | 261 | DEBUG -> 실제예수금 : 778924
2022-09-09 08:58:28,615 | realData_th.py | 83 | DEBUG -> 2022-09-09 08:58:28.374490 realData_th 실행중입니다.
 처리시간 : 0.0
2022-09-09 08:58:41,061 | analysis_th.py | 146 | DEBUG -> $$분석시간$$ : 12.664228677749634$$ 1차 분석완료$$..!!
2022-09-09 08:58:41,309 | analysis_th.py | 153 | DEBUG -> 2022-09-09 08:58:41.061658 analysis_th 실행중입니다.
 처리시간 : 12.664228677749634
2022-09-09 09:02:05,176 | Kiwoom_A.py | 67 | DEBUG -> connected
2022-09-09 09:02:06,946 | Kiwoom_A.py | 111 | DEBUG -> 8026928411,8026928411;
2022-09-09 09:02:13,262 | Kiwoom_A.py | 371 | DEBUG -> [Kiwoom] _on_receive_msg is called  /  /  /  조회가 완료되었습니다.
2022-09-09 09:02:13,307 | Kiwoom_A.py | 371 | DEBUG -> [Kiwoom] _on_receive_msg is called 0002 / opw00018_req / opw00018 / [100000] 모의투자 조회완료
2022-09-09 09:02:13,352 | Kiwoom_A.py | 371 | DEBUG -> [Kiwoom] _on_receive_msg is called 0002 / opw00001_req / opw00001 / [100000] 모의투자 조회완료
2022-09-09 09:02:13,354 | Kiwoom_A.py | 261 | DEBUG -> 실제예수금 : 778924
2022-09-09 09:02:22,228 | realData_th.py | 85 | DEBUG -> 2022-09-09 09:02:21.944267 realData_th 실행중입니다.
 처리시간 : 0.0
2022-09-09 09:04:30,979 | Kiwoom_A.py | 67 | DEBUG -> connected
2022-09-09 09:04:32,771 | Kiwoom_A.py | 111 | DEBUG -> 8026928411,8026928411;
2022-09-09 09:04:39,938 | Kiwoom_A.py | 371 | DEBUG -> [Kiwoom] _on_receive_msg is called  /  /  /  조회가 완료되었습니다.
2022-09-09 09:04:39,983 | Kiwoom_A.py | 371 | DEBUG -> [Kiwoom] _on_receive_msg is called 0002 / opw00018_req / opw00018 / [100000] 모의투자 조회완료
2022-09-09 09:04:40,028 | Kiwoom_A.py | 371 | DEBUG -> [Kiwoom] _on_receive_msg is called 0002 / opw00001_req / opw00001 / [100000] 모의투자 조회완료
2022-09-09 09:04:40,030 | Kiwoom_A.py | 261 | DEBUG -> 실제예수금 : 778924
2022-09-09 09:04:48,892 | realData_th.py | 86 | DEBUG -> 2022-09-09 09:04:48.651027 realData_th 실행중입니다.
 처리시간 : 0.000997304916381836
2022-09-09 09:05:03,630 | analysis_th.py | 146 | DEBUG -> $$분석시간$$ : 14.945594072341919$$ 1차 분석완료$$..!!
2022-09-09 09:05:03,988 | analysis_th.py | 153 | DEBUG -> 2022-09-09 09:05:03.631524 analysis_th 실행중입니다.
 처리시간 : 14.945594072341919
2022-09-09 09:05:20,585 | analysis_th.py | 146 | DEBUG -> $$분석시간$$ : 16.596644401550293$$ 2차 분석완료$$..!!
2022-09-09 09:07:20,961 | Kiwoom_A.py | 67 | DEBUG -> connected
2022-09-09 09:07:22,599 | Kiwoom_A.py | 111 | DEBUG -> 8026928411,8026928411;
2022-09-09 09:07:28,735 | Kiwoom_A.py | 371 | DEBUG -> [Kiwoom] _on_receive_msg is called  /  /  /  조회가 완료되었습니다.
2022-09-09 09:07:28,780 | Kiwoom_A.py | 371 | DEBUG -> [Kiwoom] _on_receive_msg is called 0002 / opw00018_req / opw00018 / [100000] 모의투자 조회완료
2022-09-09 09:07:28,825 | Kiwoom_A.py | 371 | DEBUG -> [Kiwoom] _on_receive_msg is called 0002 / opw00001_req / opw00001 / [100000] 모의투자 조회완료
2022-09-09 09:07:28,827 | Kiwoom_A.py | 261 | DEBUG -> 실제예수금 : 778924
2022-09-09 09:07:37,842 | realData_th.py | 85 | DEBUG -> 2022-09-09 09:07:37.530023 realData_th 실행중입니다.
 처리시간 : 0.0
2022-09-09 09:07:52,139 | analysis_th.py | 146 | DEBUG -> $$분석시간$$ : 14.69943642616272$$ 1차 분석완료$$..!!
2022-09-09 09:07:52,470 | analysis_th.py | 153 | DEBUG -> 2022-09-09 09:07:52.139700 analysis_th 실행중입니다.
 처리시간 : 14.69943642616272
2022-09-09 09:08:07,375 | analysis_th.py | 146 | DEBUG -> $$분석시간$$ : 14.903459072113037$$ 2차 분석완료$$..!!
2022-09-09 09:08:22,836 | analysis_th.py | 146 | DEBUG -> $$분석시간$$ : 15.458983421325684$$ 3차 분석완료$$..!!
2022-09-09 09:09:00,222 | Kiwoom_A.py | 67 | DEBUG -> connected
2022-09-09 09:09:02,289 | Kiwoom_A.py | 111 | DEBUG -> 8026928411,8026928411;
2022-09-09 09:09:08,576 | Kiwoom_A.py | 371 | DEBUG -> [Kiwoom] _on_receive_msg is called  /  /  /  조회가 완료되었습니다.
2022-09-09 09:09:08,621 | Kiwoom_A.py | 371 | DEBUG -> [Kiwoom] _on_receive_msg is called 0002 / opw00018_req / opw00018 / [100000] 모의투자 조회완료
2022-09-09 09:09:08,666 | Kiwoom_A.py | 371 | DEBUG -> [Kiwoom] _on_receive_msg is called 0002 / opw00001_req / opw00001 / [100000] 모의투자 조회완료
2022-09-09 09:09:08,669 | Kiwoom_A.py | 261 | DEBUG -> 실제예수금 : 778924
2022-09-09 09:09:18,544 | realData_th.py | 84 | DEBUG -> 2022-09-09 09:09:18.312232 realData_th 실행중입니다.
 처리시간 : 0.0009987354278564453
2022-09-09 09:09:33,232 | analysis_th.py | 146 | DEBUG -> $$분석시간$$ : 15.0110502243042$$ 1차 분석완료$$..!!
2022-09-09 09:09:33,583 | analysis_th.py | 153 | DEBUG -> 2022-09-09 09:09:33.232526 analysis_th 실행중입니다.
 처리시간 : 15.0110502243042
2022-09-09 09:10:45,997 | Kiwoom_A.py | 67 | DEBUG -> connected
2022-09-09 09:10:47,791 | Kiwoom_A.py | 111 | DEBUG -> 8026928411,8026928411;
2022-09-09 09:10:54,973 | Kiwoom_A.py | 371 | DEBUG -> [Kiwoom] _on_receive_msg is called  /  /  /  조회가 완료되었습니다.
2022-09-09 09:10:55,018 | Kiwoom_A.py | 371 | DEBUG -> [Kiwoom] _on_receive_msg is called 0002 / opw00018_req / opw00018 / [100000] 모의투자 조회완료
2022-09-09 09:10:55,063 | Kiwoom_A.py | 371 | DEBUG -> [Kiwoom] _on_receive_msg is called 0002 / opw00001_req / opw00001 / [100000] 모의투자 조회완료
2022-09-09 09:10:55,065 | Kiwoom_A.py | 261 | DEBUG -> 실제예수금 : 778924
2022-09-09 09:11:04,556 | realData_th.py | 84 | DEBUG -> 2022-09-09 09:11:04.326941 realData_th 실행중입니다.
 처리시간 : 0.0
2022-09-09 09:11:17,637 | analysis_th.py | 146 | DEBUG -> $$분석시간$$ : 13.17555022239685$$ 1차 분석완료$$..!!
2022-09-09 09:11:17,969 | analysis_th.py | 153 | DEBUG -> 2022-09-09 09:11:17.637130 analysis_th 실행중입니다.
 처리시간 : 13.17555022239685
2022-09-09 09:15:32,010 | Kiwoom_A.py | 67 | DEBUG -> connected
2022-09-09 09:15:33,967 | Kiwoom_A.py | 111 | DEBUG -> 8026928411,8026928411;
2022-09-09 09:15:40,993 | Kiwoom_A.py | 371 | DEBUG -> [Kiwoom] _on_receive_msg is called  /  /  /  조회가 완료되었습니다.
2022-09-09 09:15:41,039 | Kiwoom_A.py | 371 | DEBUG -> [Kiwoom] _on_receive_msg is called 0002 / opw00018_req / opw00018 / [100000] 모의투자 조회완료
2022-09-09 09:15:41,084 | Kiwoom_A.py | 371 | DEBUG -> [Kiwoom] _on_receive_msg is called 0002 / opw00001_req / opw00001 / [100000] 모의투자 조회완료
2022-09-09 09:15:41,086 | Kiwoom_A.py | 261 | DEBUG -> 실제예수금 : 778924
2022-09-09 09:15:50,295 | realData_th.py | 85 | DEBUG -> 2022-09-09 09:15:50.054335 realData_th 실행중입니다.
 처리시간 : 0.0
2022-09-09 09:16:04,086 | analysis_th.py | 146 | DEBUG -> $$분석시간$$ : 14.02449107170105$$ 1차 분석완료$$..!!
2022-09-09 09:16:04,421 | analysis_th.py | 153 | DEBUG -> 2022-09-09 09:16:04.087804 analysis_th 실행중입니다.
 처리시간 : 14.02449107170105
2022-09-09 09:24:37,428 | Kiwoom_A.py | 67 | DEBUG -> connected
2022-09-09 09:24:39,123 | Kiwoom_A.py | 111 | DEBUG -> 8026928411,8026928411;
2022-09-09 09:24:45,463 | Kiwoom_A.py | 371 | DEBUG -> [Kiwoom] _on_receive_msg is called  /  /  /  조회가 완료되었습니다.
2022-09-09 09:24:45,523 | Kiwoom_A.py | 371 | DEBUG -> [Kiwoom] _on_receive_msg is called 0002 / opw00018_req / opw00018 / [100000] 모의투자 조회완료
2022-09-09 09:24:45,568 | Kiwoom_A.py | 371 | DEBUG -> [Kiwoom] _on_receive_msg is called 0002 / opw00001_req / opw00001 / [100000] 모의투자 조회완료
2022-09-09 09:24:45,570 | Kiwoom_A.py | 261 | DEBUG -> 실제예수금 : 778924
2022-09-09 09:24:54,255 | realData_th.py | 84 | DEBUG -> 2022-09-09 09:24:54.015989 realData_th 실행중입니다.
 처리시간 : 0.0
2022-09-09 09:25:07,222 | analysis_th.py | 146 | DEBUG -> $$분석시간$$ : 13.140995264053345$$ 1차 분석완료$$..!!
2022-09-09 09:25:07,547 | analysis_th.py | 153 | DEBUG -> 2022-09-09 09:25:07.222809 analysis_th 실행중입니다.
 처리시간 : 13.140995264053345
2022-09-09 09:25:20,768 | analysis_th.py | 146 | DEBUG -> $$분석시간$$ : 13.22088360786438$$ 2차 분석완료$$..!!
2022-09-09 09:25:33,803 | analysis_th.py | 146 | DEBUG -> $$분석시간$$ : 13.031912565231323$$ 3차 분석완료$$..!!
2022-09-09 09:25:51,213 | analysis_th.py | 146 | DEBUG -> $$분석시간$$ : 17.409973621368408$$ 4차 분석완료$$..!!
2022-09-09 09:25:54,267 | realData_th.py | 84 | DEBUG -> 2022-09-09 09:25:54.016203 realData_th 실행중입니다.
 처리시간 : 0.0009970664978027344
2022-09-09 09:26:04,736 | analysis_th.py | 146 | DEBUG -> $$분석시간$$ : 13.52318263053894$$ 5차 분석완료$$..!!
2022-09-09 09:26:18,395 | analysis_th.py | 146 | DEBUG -> $$분석시간$$ : 13.65753173828125$$ 6차 분석완료$$..!!
2022-09-09 09:26:18,615 | analysis_th.py | 153 | DEBUG -> 2022-09-09 09:26:18.396411 analysis_th 실행중입니다.
 처리시간 : 13.65753173828125
2022-09-09 09:26:32,017 | analysis_th.py | 146 | DEBUG -> $$분석시간$$ : 13.400879621505737$$ 7차 분석완료$$..!!
2022-09-09 09:26:45,064 | analysis_th.py | 146 | DEBUG -> $$분석시간$$ : 13.047259330749512$$ 8차 분석완료$$..!!
2022-09-09 09:26:54,306 | realData_th.py | 84 | DEBUG -> 2022-09-09 09:26:54.017083 realData_th 실행중입니다.
 처리시간 : 0.000997304916381836
2022-09-09 09:26:58,528 | analysis_th.py | 146 | DEBUG -> $$분석시간$$ : 13.462125539779663$$ 9차 분석완료$$..!!
2022-09-09 09:27:11,997 | analysis_th.py | 146 | DEBUG -> $$분석시간$$ : 13.468739032745361$$ 10차 분석완료$$..!!
2022-09-09 09:27:24,606 | analysis_th.py | 146 | DEBUG -> $$분석시간$$ : 12.607455015182495$$ 11차 분석완료$$..!!
2022-09-09 09:27:24,900 | analysis_th.py | 153 | DEBUG -> 2022-09-09 09:27:24.607267 analysis_th 실행중입니다.
 처리시간 : 12.607455015182495
2022-09-09 09:27:38,326 | analysis_th.py | 146 | DEBUG -> $$분석시간$$ : 13.425161600112915$$ 12차 분석완료$$..!!
2022-09-09 09:27:52,024 | analysis_th.py | 146 | DEBUG -> $$분석시간$$ : 13.69765853881836$$ 13차 분석완료$$..!!
2022-09-09 09:27:54,329 | realData_th.py | 84 | DEBUG -> 2022-09-09 09:27:54.017138 realData_th 실행중입니다.
 처리시간 : 0.0009970664978027344
2022-09-09 09:28:05,558 | analysis_th.py | 146 | DEBUG -> $$분석시간$$ : 13.53270673751831$$ 14차 분석완료$$..!!
2022-09-09 09:28:19,109 | analysis_th.py | 146 | DEBUG -> $$분석시간$$ : 13.55008053779602$$ 15차 분석완료$$..!!
2022-09-09 09:28:32,542 | analysis_th.py | 146 | DEBUG -> $$분석시간$$ : 13.43196153640747$$ 16차 분석완료$$..!!
2022-09-09 09:28:32,836 | analysis_th.py | 153 | DEBUG -> 2022-09-09 09:28:32.542416 analysis_th 실행중입니다.
 처리시간 : 13.43196153640747
2022-09-09 09:28:46,111 | analysis_th.py | 146 | DEBUG -> $$분석시간$$ : 13.274761438369751$$ 17차 분석완료$$..!!
2022-09-09 09:28:54,317 | realData_th.py | 84 | DEBUG -> 2022-09-09 09:28:54.017575 realData_th 실행중입니다.
 처리시간 : 0.0009963512420654297
2022-09-09 09:28:59,884 | analysis_th.py | 146 | DEBUG -> $$분석시간$$ : 13.772802829742432$$ 18차 분석완료$$..!!
2022-09-09 09:29:14,803 | analysis_th.py | 146 | DEBUG -> $$분석시간$$ : 14.918300151824951$$ 19차 분석완료$$..!!
2022-09-09 09:29:27,817 | analysis_th.py | 146 | DEBUG -> $$분석시간$$ : 13.014694452285767$$ 20차 분석완료$$..!!
2022-09-09 09:29:41,139 | analysis_th.py | 146 | DEBUG -> $$분석시간$$ : 13.320349216461182$$ 21차 분석완료$$..!!
2022-09-09 09:29:41,360 | analysis_th.py | 153 | DEBUG -> 2022-09-09 09:29:41.140211 analysis_th 실행중입니다.
 처리시간 : 13.320349216461182
2022-09-09 09:29:54,247 | realData_th.py | 84 | DEBUG -> 2022-09-09 09:29:54.018564 realData_th 실행중입니다.
 처리시간 : 0.0009980201721191406
2022-09-09 09:29:55,130 | analysis_th.py | 146 | DEBUG -> $$분석시간$$ : 13.768564224243164$$ 22차 분석완료$$..!!
2022-09-09 10:04:36,083 | Kiwoom_A.py | 67 | DEBUG -> connected
2022-09-09 10:04:38,011 | Kiwoom_A.py | 111 | DEBUG -> 8026928411,8026928411;
2022-09-09 10:04:44,573 | Kiwoom_A.py | 371 | DEBUG -> [Kiwoom] _on_receive_msg is called  /  /  /  조회가 완료되었습니다.
2022-09-09 10:04:44,618 | Kiwoom_A.py | 371 | DEBUG -> [Kiwoom] _on_receive_msg is called 0002 / opw00018_req / opw00018 / [100000] 모의투자 조회완료
2022-09-09 10:04:44,663 | Kiwoom_A.py | 371 | DEBUG -> [Kiwoom] _on_receive_msg is called 0002 / opw00001_req / opw00001 / [100000] 모의투자 조회완료
2022-09-09 10:04:44,665 | Kiwoom_A.py | 261 | DEBUG -> 실제예수금 : 778924
2022-09-09 10:04:53,792 | realData_th.py | 84 | DEBUG -> 2022-09-09 10:04:53.552534 realData_th 실행중입니다.
 처리시간 : 0.000995635986328125
2022-09-09 10:06:04,461 | Kiwoom_A.py | 67 | DEBUG -> connected
2022-09-09 10:06:06,202 | Kiwoom_A.py | 111 | DEBUG -> 8026928411,8026928411;
2022-09-09 10:06:12,508 | Kiwoom_A.py | 371 | DEBUG -> [Kiwoom] _on_receive_msg is called  /  /  /  조회가 완료되었습니다.
2022-09-09 10:06:12,553 | Kiwoom_A.py | 371 | DEBUG -> [Kiwoom] _on_receive_msg is called 0002 / opw00018_req / opw00018 / [100000] 모의투자 조회완료
2022-09-09 10:06:12,597 | Kiwoom_A.py | 371 | DEBUG -> [Kiwoom] _on_receive_msg is called 0002 / opw00001_req / opw00001 / [100000] 모의투자 조회완료
2022-09-09 10:06:12,599 | Kiwoom_A.py | 261 | DEBUG -> 실제예수금 : 778924
2022-09-09 10:06:21,890 | realData_th.py | 84 | DEBUG -> 2022-09-09 10:06:21.634763 realData_th 실행중입니다.
 처리시간 : 0.0
2022-09-09 10:06:35,285 | analysis_th.py | 146 | DEBUG -> $$분석시간$$ : 13.726316452026367$$ 1차 분석완료$$..!!
2022-09-09 10:06:35,577 | analysis_th.py | 153 | DEBUG -> 2022-09-09 10:06:35.286279 analysis_th 실행중입니다.
 처리시간 : 13.726316452026367
2022-09-09 10:16:16,922 | Kiwoom_A.py | 67 | DEBUG -> connected
2022-09-09 10:16:18,759 | Kiwoom_A.py | 111 | DEBUG -> 8026928411,8026928411;
2022-09-09 10:16:21,540 | Kiwoom_A.py | 371 | DEBUG -> [Kiwoom] _on_receive_msg is called  /  /  /  조회가 완료되었습니다.
2022-09-09 10:16:21,585 | Kiwoom_A.py | 371 | DEBUG -> [Kiwoom] _on_receive_msg is called 0002 / opw00018_req / opw00018 / [100000] 모의투자 조회완료
2022-09-09 10:16:21,630 | Kiwoom_A.py | 371 | DEBUG -> [Kiwoom] _on_receive_msg is called 0002 / opw00001_req / opw00001 / [100000] 모의투자 조회완료
2022-09-09 10:16:21,632 | Kiwoom_A.py | 261 | DEBUG -> 실제예수금 : 778924
2022-09-09 10:16:25,590 | realData_th.py | 84 | DEBUG -> 2022-09-09 10:16:25.344894 realData_th 실행중입니다.
 처리시간 : 0.0
2022-09-09 10:16:38,726 | analysis_th.py | 146 | DEBUG -> $$분석시간$$ : 13.387188196182251$$ 1차 분석완료$$..!!
2022-09-09 10:16:39,045 | analysis_th.py | 153 | DEBUG -> 2022-09-09 10:16:38.726098 analysis_th 실행중입니다.
 처리시간 : 13.387188196182251
2022-09-09 10:16:52,974 | analysis_th.py | 146 | DEBUG -> $$분석시간$$ : 13.928398847579956$$ 2차 분석완료$$..!!
2022-09-09 10:17:07,104 | analysis_th.py | 146 | DEBUG -> $$분석시간$$ : 14.12962818145752$$ 3차 분석완료$$..!!
2022-09-09 10:19:57,233 | Kiwoom_A.py | 67 | DEBUG -> connected
2022-09-09 10:19:59,061 | Kiwoom_A.py | 111 | DEBUG -> 8026928411,8026928411;
2022-09-09 10:20:01,791 | Kiwoom_A.py | 371 | DEBUG -> [Kiwoom] _on_receive_msg is called  /  /  /  조회가 완료되었습니다.
2022-09-09 10:20:01,836 | Kiwoom_A.py | 371 | DEBUG -> [Kiwoom] _on_receive_msg is called 0002 / opw00018_req / opw00018 / [100000] 모의투자 조회완료
2022-09-09 10:20:01,881 | Kiwoom_A.py | 371 | DEBUG -> [Kiwoom] _on_receive_msg is called 0002 / opw00001_req / opw00001 / [100000] 모의투자 조회완료
2022-09-09 10:20:01,883 | Kiwoom_A.py | 261 | DEBUG -> 실제예수금 : 778924
2022-09-09 10:20:05,808 | realData_th.py | 84 | DEBUG -> 2022-09-09 10:20:05.558451 <class 'execution.realData_th.realData_th'> 실행중입니다.
 처리시간 : 0.0
2022-09-09 10:20:18,600 | analysis_th.py | 146 | DEBUG -> $$분석시간$$ : 13.059060335159302$$ 1차 분석완료$$..!!
2022-09-09 10:20:18,915 | analysis_th.py | 153 | DEBUG -> 2022-09-09 10:20:18.600556 analysis_th 실행중입니다.
 처리시간 : 13.059060335159302
2022-09-09 10:20:31,882 | analysis_th.py | 146 | DEBUG -> $$분석시간$$ : 12.965968132019043$$ 2차 분석완료$$..!!
